{"message":"2/19/2021, 15:24:16","level":"info"}
{"message":{"year":"2020","constituency":"embakasi","subcounty":"embkasi north","division":"pipeline","location":"pipe","sublocation":"kayole","ward":"githu","village":"kobil"},"level":"info"}
{"message":"2/19/2021, 15:31:02","level":"info"}
{"message":{"year":"2020","constituency":"embakasi","subcounty":"embkasi north","division":"pipeline","location":"pipe","sublocation":"kayole","ward":"githu","village":"kobil"},"level":"info"}
{"message":"2/19/2021, 15:38:03","level":"info"}
{"message":{"year":"2020","constituency":"embakasi","subcounty":"embkasi north","division":"pipeline","location":"pipe","sublocation":"kayole","ward":"githu","village":"kobil"},"level":"info"}
{"message":"2/19/2021, 15:48:26","level":"info"}
{"message":{"year":"2020","constituency":"embakasi","subcounty":"embkasi north","division":"pipeline","location":"pipe","sublocation":"kayole","ward":"githu","village":"kobil"},"level":"info"}
{"message":"2/19/2021, 15:55:51","level":"info"}
{"message":{"year":"2020","constituency":"embakasi","subcounty":"embkasi north","division":"pipeline","location":"pipe","sublocation":"kayole","ward":"githu","village":"kobil"},"level":"info"}
{"message":"2/19/2021, 15:57:08","level":"info"}
{"message":{"year":"2020","constituency":"embakasi","subcounty":"embkasi north","division":"pipeline","location":"pipe","sublocation":"kayole","ward":"githu","village":"kobil"},"level":"info"}
{"message":"2/19/2021, 15:57:10","level":"info"}
{"message":{"year":"2020","constituency":"embakasi","subcounty":"embkasi north","division":"pipeline","location":"pipe","sublocation":"kayole","ward":"githu","village":"kobil"},"level":"info"}
{"message":"2/19/2021, 15:57:10","level":"info"}
{"message":{"year":"2020","constituency":"embakasi","subcounty":"embkasi north","division":"pipeline","location":"pipe","sublocation":"kayole","ward":"githu","village":"kobil"},"level":"info"}
{"message":"2/19/2021, 15:57:11","level":"info"}
{"message":{"year":"2020","constituency":"embakasi","subcounty":"embkasi north","division":"pipeline","location":"pipe","sublocation":"kayole","ward":"githu","village":"kobil"},"level":"info"}
{"message":"2/19/2021, 15:57:11","level":"info"}
{"message":{"year":"2020","constituency":"embakasi","subcounty":"embkasi north","division":"pipeline","location":"pipe","sublocation":"kayole","ward":"githu","village":"kobil"},"level":"info"}
{"message":"2/19/2021, 15:57:50","level":"info"}
{"message":{"year":"2020","constituency":"embakasi","subcounty":"embkasi north","division":"pipeline","location":"pipe","sublocation":"kayole","ward":"githu","village":"kobil"},"level":"info"}
{"message":"2/19/2021, 15:58:42","level":"info"}
{"message":{"year":"2020","constituency":"embakasi","subcounty":"embkasi north","division":"pipeline","location":"pipe","sublocation":"kayole","ward":"githu","village":"kobil"},"level":"info"}
{"message":"2/19/2021, 16:00:30","level":"info"}
{"message":{"year":"2020","constituency":"embakasi","subcounty":"embkasi north","division":"pipeline","location":"pipe","sublocation":"kayole","ward":"githu","village":"kobil"},"level":"info"}
{"message":"2/19/2021, 16:23:06","level":"info"}
{"message":{"year":"2020","constituency":"embakasi","subcounty":"embkasi north","division":"pipeline","location":"pipe","sublocation":"kayole","ward":"githu","village":"kobil"},"level":"info"}
{"message":"2/19/2021, 16:23:43","level":"info"}
{"message":{"year":"2020","constituency":"embakasi","subcounty":"embkasi north","division":"pipeline","location":"pipe","sublocation":"kayole","ward":"githu","village":"kobil"},"level":"info"}
{"message":"2/19/2021, 16:23:49","level":"info"}
{"message":{"year":"2020","constituency":"embakasi","subcounty":"embkasi north","division":"pipeline","location":"pipe","sublocation":"kayole","ward":"githu","village":"kobil"},"level":"info"}
{"message":"2/19/2021, 16:28:36","level":"info"}
{"message":{"year":"2020","constituency":"embakasi","subcounty":"embkasi north","division":"pipeline","location":"pipe","sublocation":"kayole","ward":"githu","village":"kobil"},"level":"info"}
{"message":"2/19/2021, 16:34:54","level":"info"}
{"message":{"year":"2020","constituency":"embakasi","subcounty":"embkasi north","division":"pipeline","location":"pipe","sublocation":"kayole","ward":"githu","village":"kobil"},"level":"info"}
{"message":"2/22/2021, 11:38:09","level":"info"}
{"message":{"year":"2020","constituency":"embakasi","subcounty":"embkasi north","division":"pipeline","location":"pipe","sublocation":"kayole","ward":"githu","village":"kobil"},"level":"info"}
{"message":"2/22/2021, 11:39:17","level":"info"}
{"message":{},"level":"info"}
{"message":"2/22/2021, 11:39:56","level":"info"}
{"message":{"year":"2020","constituency":"embakasi","subcounty":"embkasi north","division":"pipeline","location":"pipe","sublocation":"kayole","ward":"githu","village":"kobil"},"level":"info"}
{"message":"2/22/2021, 11:46:48","level":"info"}
{"message":[{"id_basicinfo":48,"year":"2020","constituency":"mavoko","division":"syokimau","sublocation":"syokimau","ward":"mavokos","village":"githu","createdat":"2021-02-22T08:42:14.000Z"}],"level":"info"}
{"message":"2/22/2021, 11:49:39","level":"info"}
{"message":[{"id_basicinfo":48,"year":"2020","constituency":"mavoko","division":"syokimau","sublocation":"syokimau","ward":"mavokos","village":"githu","createdat":"2021-02-22T08:42:14.000Z"}],"level":"info"}
{"message":"2/22/2021, 11:49:52","level":"info"}
{"message":{"id_basicinfo":48,"year":"2020","constituency":"mavoko","division":"syokimau","sublocation":"syokimau","ward":"mavokos","village":"githu","createdat":"2021-02-22T08:42:14.000Z"},"level":"info"}
{"message":"2/22/2021, 11:49:56","level":"info"}
{"message":{"id_basicinfo":48,"year":"2020","constituency":"mavoko","division":"syokimau","sublocation":"syokimau","ward":"mavokos","village":"githu","createdat":"2021-02-22T08:42:14.000Z"},"level":"info"}
{"message":"2/22/2021, 11:50:57","level":"info"}
{"message":{"id_basicinfo":48,"year":"2020","constituency":"mavoko","subcounty":"kituyi","division":"syokimau","sublocation":"syokimau","ward":"mavokos","village":"githu","createdat":"2021-02-22T08:42:14.000Z"},"level":"info"}
{"message":"2/22/2021, 11:51:53","level":"info"}
{"message":{"id_basicinfo":48,"year":"2020","constituency":"mavoko","subcounty":"kituyi","division":"syokimau","location":"syokim","sublocation":"syokimau","ward":"mavokos","village":"githu","createdat":"2021-02-22T08:42:14.000Z"},"level":"info"}
{"message":"2/22/2021, 11:52:28","level":"info"}
{"message":{"year":"2020","constituency":"mavoko","subcounty":"kituyi","division":"syokimau","location":"syokim","sublocation":"syokimau","ward":"mavokos","village":"githu","createdat":"2021-02-22T08:42:14.000Z"},"level":"info"}
{"message":"2/22/2021, 11:52:38","level":"info"}
{"message":{},"level":"info"}
{"message":"2/22/2021, 11:55:32","level":"info"}
{"message":{"year":"2020","constituency":"mavoko","subcounty":"kituyi","division":"syokimau","location":"syokim","sublocation":"syokimau","ward":"mavokos","village":"githu"},"level":"info"}
{"message":"2/22/2021, 11:56:04","level":"info"}
{"message":{"year":"2020","constituency":"mavoko","subcounty":"kituyi","division":"syokimau","location":"syokim","sublocation":"syokimau","ward":"mavokos","village":"githu"},"level":"info"}
{"message":"2/22/2021, 12:12:01","level":"info"}
{"message":{"fullnames":"Joi.string().required()","dob":" Joi.string().required()","adminnumber":"Joi.string().required()","gender":" Joi.string().required()","class":" Joi.string().required()","schoolname":" Joi.string().required()","disability":"Joi.string().required()","year":"Joi.string().required()","completionenddate":"Joi.string().required()"},"level":"info"}
{"message":"2/22/2021, 12:15:04","level":"info"}
{"message":{"fullnames":"otonga omuntu","dob":" 06/05/1995","adminnumber":"tuj/2021","gender":" female","class":" FORM FOUR","schoolname":" uon","disability":"blind","year":"2021","completionenddate":"Joi.string().required()"},"level":"info"}
{"message":"2/22/2021, 12:17:40","level":"info"}
{"message":{"fullnames":"otonga omuntu","dob":" 06/05/1995","adminnumber":"tuj/2021","gender":" female","class":" FORM FOUR","schoolname":" uon","disability":"blind","year":"2021","completionenddate":"Joi.string().required()"},"level":"info"}
{"message":"2/22/2021, 12:19:47","level":"info"}
{"message":{},"level":"info"}
{"message":"2/22/2021, 12:22:24","level":"info"}
{"message":{},"level":"info"}
{"message":"2/22/2021, 12:29:01","level":"info"}
{"message":{},"level":"info"}
{"message":"2/22/2021, 12:30:31","level":"info"}
{"message":{"year":"2020","constituency":"embakasi","subcounty":"embkasi north","division":"pipeline","location":"pipe","sublocation":"kayole","ward":"githu","village":"kobil"},"level":"info"}
{"message":"2/22/2021, 12:32:40","level":"info"}
{"message":{"fullnames":"otonga omuntu","dob":" 06/05/1995","adminnumber":"tuj/2021","gender":" female","class":" FORM FOUR","schoolname":" uon","disability":"blind","year":"2021","completionenddate":"Joi.string().required()"},"level":"info"}
{"message":"2/22/2021, 12:34:57","level":"info"}
{"message":{"fullnames":"otonga omuntu","dob":" 06/05/1995","adminnumber":"tuj/2021","gender":" female","class":" FORM FOUR","schoolname":" uon","disability":"blind","year":"2021","completionenddate":"Joi.string().required()"},"level":"info"}
{"message":"2/22/2021, 13:40:01","level":"info"}
{"message":{"fullnames":"otonga omuntu","dob":" 06/05/1995","adminnumber":"tuj/2021","gender":" female","class":" FORM FOUR","schoolname":" uon","disability":"blind","year":"2021","completionenddate":"Joi.string().required()"},"level":"info"}
{"message":"2/22/2021, 13:42:30","level":"info"}
{"message":{"fullnames":"otonga omuntu","dob":" 06/05/1995","adminnumber":"tuj/2021","gender":" female","class":" FORM FOUR","schoolname":" uon","disability":"blind","year":"2021","completionenddate":"Joi.string().required()"},"level":"info"}
{"message":"2/22/2021, 16:15:04","level":"info"}
{"message":{},"level":"info"}
{"message":"2/22/2021, 16:17:05","level":"info"}
{"message":{},"level":"info"}
{"message":"2/22/2021, 16:21:40","level":"info"}
{"message":{"fullnames":"otonga omuntu","dob":" 06/05/1995","adminnumber":"tuj/2021","gender":" female","class":" FORM FOUR","schoolname":" uon","disability":"blind","year":"2021","completionenddate":"Joi.string().required()"},"level":"info"}
{"message":"2/22/2021, 16:22:20","level":"info"}
{"message":{"year":"2020","constituency":"embakasi","subcounty":"embkasi north","division":"pipeline","location":"pipe","sublocation":"kayole","ward":"githu","village":"kobil"},"level":"info"}
{"message":"2/22/2021, 16:32:04","level":"info"}
{"message":{"fullnames":"otonga omuntu","dob":" 06/05/1995","adminnumber":"tuj/2021","gender":" female","class":" FORM FOUR","schoolname":" uon","disability":"blind","year":"2021","completionenddate":"Joi.string().required()"},"level":"info"}
{"message":"2/22/2021, 16:34:21","level":"info"}
{"message":{"fullnames":"otonga omuntu","dob":" 06/05/1995","adminnumber":"tuj/2021","gender":" female","class":" FORM FOUR","schoolname":" uon","disability":"blind","year":"2021","completionenddate":"2023"},"level":"info"}
{"message":"2/22/2021, 16:40:02","level":"info"}
{"message":{},"level":"info"}
{"message":"2/23/2021, 09:56:30","level":"info"}
{"message":{},"level":"info"}
{"message":"2/23/2021, 09:56:30","level":"info"}
{"message":{},"level":"info"}
{"message":"2/23/2021, 10:00:40","level":"info"}
{"message":{},"level":"info"}
{"message":"2/23/2021, 10:02:36","level":"info"}
{"message":{},"level":"info"}
{"message":"2/23/2021, 10:03:34","level":"info"}
{"message":{},"level":"info"}
{"message":"2/23/2021, 10:04:09","level":"info"}
{"message":{},"level":"info"}
{"message":"2/23/2021, 10:04:46","level":"info"}
{"message":{"fullnames":"otonga omuntu","dob":" 06/05/1995","adminnumber":"tuj/2021","gender":" female","class":" FORM FOUR","schoolname":" uon","disability":"blind","year":"2021","completionenddate":"2023"},"level":"info"}
{"message":"2/23/2021, 10:06:09","level":"info"}
{"message":{},"level":"info"}
{"message":"2/23/2021, 10:06:11","level":"info"}
{"message":{},"level":"info"}
{"message":"2/23/2021, 10:06:33","level":"info"}
{"message":{},"level":"info"}
{"message":"2/23/2021, 10:06:46","level":"info"}
{"message":{"fullnames":"otonga omuntu","dob":" 06/05/1995","adminnumber":"tuj/2021","gender":" female","class":" FORM FOUR","schoolname":" uon","disability":"blind","year":"2021","completionenddate":"2023"},"level":"info"}
{"message":"2/23/2021, 10:06:53","level":"info"}
{"message":{"fullnames":"otonga omuntu","dob":" 06/05/1995","adminnumber":"tuj/2021","gender":" female","class":" FORM FOUR","schoolname":" uon","disability":"blind","year":"2021","completionenddate":"2023"},"level":"info"}
{"message":"2/23/2021, 10:12:44","level":"info"}
{"message":{"parental_status":"total orphaned","parent_disability":"blind"},"level":"info"}
{"message":"2/23/2021, 10:13:14","level":"info"}
{"message":{"parental_status":"total orphaned","parent_disability":"blind"},"level":"info"}
{"message":"2/23/2021, 10:13:39","level":"info"}
{"message":{"parental_status":"total orphaned","parent_disability":"blind"},"level":"info"}
{"message":"2/23/2021, 10:14:13","level":"info"}
{"message":{"parental_status":"total orphaned","parent_disability":"blind"},"level":"info"}
{"message":"2/23/2021, 10:15:25","level":"info"}
{"message":{"parental_status":"total orphaned","parent_disability":"blind"},"level":"info"}
{"message":"2/23/2021, 10:32:26","level":"info"}
{"message":{},"level":"info"}
{"message":"2/23/2021, 10:32:36","level":"info"}
{"message":{},"level":"info"}
{"message":"2/23/2021, 10:32:57","level":"info"}
{"message":{"parental_status":"total orphaned","parent_disability":"blind"},"level":"info"}
{"message":"2/23/2021, 10:34:26","level":"info"}
{"message":{},"level":"info"}
{"message":"2/23/2021, 10:34:36","level":"info"}
{"message":{},"level":"info"}
{"message":"2/23/2021, 10:35:44","level":"info"}
{"message":{"parental_status":"total orphaned","parent_disability":"blind"},"level":"info"}
{"message":"2/23/2021, 10:38:51","level":"info"}
{"message":{"name":"otonga osoti","institution":"TUK","year_of_study":"2020","total_fees":"20020","fees_paid":"19899"},"level":"info"}
{"message":"2/23/2021, 10:43:53","level":"info"}
{"message":{},"level":"info"}
{"message":"2/23/2021, 10:44:12","level":"info"}
{"message":{},"level":"info"}
{"message":"2/23/2021, 10:45:54","level":"info"}
{"message":{},"level":"info"}
{"message":"2/23/2021, 10:46:12","level":"info"}
{"message":{},"level":"info"}
{"message":"2/23/2021, 10:48:10","level":"info"}
{"message":{"name":"otonga osoti","institution":"TUK","year_of_study":"2020","total_fees":"20020","fees_paid":"19899"},"level":"info"}
{"message":"2/23/2021, 10:59:53","level":"info"}
{"message":{"name":"otonga osoti","institution":"TUK","year_of_study":"2020","total_fees":"20020","fees_paid":"19899"},"level":"info"}
{"message":"2/23/2021, 11:50:48","level":"info"}
{"message":{},"level":"info"}
{"message":"2/23/2021, 13:19:49","level":"info"}
{"message":{"id_basicinfo":3,"year":"2019","constituency":"mavoko","division":"syokimau","sublocation":"syokimau","ward":"mavokos","village":"githu"},"level":"info"}
{"message":"2/23/2021, 13:21:33","level":"info"}
{"message":{"id_basicinfo":3,"year":"2019","constituency":"mavoko","division":"syokimau","sublocation":"syokimau","ward":"mavokos","village":"githu"},"level":"info"}
{"message":"2/23/2021, 13:26:29","level":"info"}
{"message":{"id_basicinfo":2,"year":"2032","constituency":"mavoko","subcounty":"syokimau","division":"mlolongos","location":"syokima","sublocation":"mavokomo","ward":"mavokosikin","village":"ganya"},"level":"info"}
{"message":"2/23/2021, 13:26:43","level":"info"}
{"message":{"id_basicinfo":3,"year":"2032","constituency":"mavoko","subcounty":"syokimau","division":"mlolongos","location":"syokima","sublocation":"mavokomo","ward":"mavokosikin","village":"ganya"},"level":"info"}
{"message":"2/23/2021, 13:27:20","level":"info"}
{"message":{"year":"2032","constituency":"mavoko","subcounty":"syokimau","division":"mlolongos","location":"syokima","sublocation":"mavokomo","ward":"mavokosikin","village":"ganya"},"level":"info"}
{"message":"2/23/2021, 13:30:39","level":"info"}
{"message":{"code":"qb2","title":"inspected","description":"syokinspectedimau"},"level":"info"}
{"message":"2/23/2021, 13:32:58","level":"info"}
{"message":{"code":"qb2","title":"inspected","description":"syokinspectedimau"},"level":"info"}
{"message":"2/23/2021, 13:35:39","level":"info"}
{"message":{},"level":"info"}
{"message":"2/23/2021, 13:36:56","level":"info"}
{"message":{},"level":"info"}
{"message":"2/23/2021, 13:38:57","level":"info"}
{"message":{},"level":"info"}
{"message":"2/23/2021, 13:47:25","level":"info"}
{"message":{},"level":"info"}
{"message":"2/23/2021, 15:22:06","level":"info"}
{"message":{},"level":"info"}
{"message":"2/24/2021, 09:56:04","level":"info"}
{"message":{},"level":"info"}
{"message":"2/24/2021, 09:57:10","level":"info"}
{"message":{},"level":"info"}
{"message":"2/24/2021, 10:00:02","level":"info"}
{"message":{},"level":"info"}
{"message":"2/24/2021, 10:02:02","level":"info"}
{"message":{},"level":"info"}
{"message":"2/24/2021, 10:06:04","level":"info"}
{"message":{},"level":"info"}
{"message":"2/24/2021, 10:10:12","level":"info"}
{"message":{},"level":"info"}
{"message":"2/24/2021, 10:10:38","level":"info"}
{"message":{},"level":"info"}
{"message":"2/24/2021, 10:11:43","level":"info"}
{"message":{},"level":"info"}
{"message":"2/24/2021, 10:13:43","level":"info"}
{"message":{},"level":"info"}
{"message":"2/24/2021, 10:14:15","level":"info"}
{"message":{},"level":"info"}
{"message":"2/24/2021, 10:16:15","level":"info"}
{"message":{},"level":"info"}
{"message":"2/24/2021, 10:17:10","level":"info"}
{"message":{},"level":"info"}
{"message":"2/24/2021, 10:17:59","level":"info"}
{"message":{},"level":"info"}
{"message":"2/24/2021, 10:18:35","level":"info"}
{"message":{},"level":"info"}
{"message":"2/24/2021, 10:18:48","level":"info"}
{"message":{},"level":"info"}
{"message":"2/24/2021, 10:18:55","level":"info"}
{"message":{},"level":"info"}
{"message":"2/24/2021, 10:19:22","level":"info"}
{"message":{},"level":"info"}
{"message":"2/24/2021, 10:21:00","level":"info"}
{"message":{},"level":"info"}
{"message":"2/24/2021, 10:21:15","level":"info"}
{"message":{},"level":"info"}
{"message":"2/24/2021, 10:21:24","level":"info"}
{"message":{},"level":"info"}
{"message":"2/24/2021, 10:21:38","level":"info"}
{"message":{},"level":"info"}
{"message":"2/24/2021, 10:23:12","level":"info"}
{"message":{},"level":"info"}
{"message":"2/24/2021, 10:24:14","level":"info"}
{"message":{},"level":"info"}
{"message":"2/24/2021, 10:25:23","level":"info"}
{"message":{},"level":"info"}
{"message":"2/24/2021, 10:27:23","level":"info"}
{"message":{},"level":"info"}
{"message":"3/1/2021, 12:05:23","level":"info"}
{"message":{"year":"2032","constituency":"mavoko","subcounty":"syokimau","division":"mlolongos","location":"syokima","sublocation":"mavokomo","ward":"mavokosikin","village":"ganya"},"level":"info"}
{"message":"3/1/2021, 12:06:21","level":"info"}
{"message":{},"level":"info"}
{"message":"3/1/2021, 12:10:19","level":"info"}
{"message":{"year":"2032","constituency":"mavoko","subcounty":"syokimau","division":"mlolongos","location":"syokima","sublocation":"mavokomo","ward":"mavokosikin","village":"ganya"},"level":"info"}
{"message":"3/1/2021, 12:13:54","level":"info"}
{"message":{},"level":"info"}
{"message":"3/1/2021, 12:14:33","level":"info"}
{"message":{},"level":"info"}
{"message":"3/1/2021, 12:14:57","level":"info"}
{"message":{},"level":"info"}
{"message":"3/1/2021, 12:15:18","level":"info"}
{"message":{"year":"2032","constituency":"mavoko","subcounty":"syokimau","division":"mlolongos","location":"syokima","sublocation":"mavokomo","ward":"mavokosikin","village":"ganya"},"level":"info"}
{"message":"3/1/2021, 12:16:53","level":"info"}
{"message":{"year":"2032","constituency":"mavoko","subcounty":"syokimau","division":"mlolongos","location":"syokima","sublocation":"mavokomo","ward":"mavokosikin","village":"ganya"},"level":"info"}
{"message":"3/1/2021, 12:16:59","level":"info"}
{"message":{"year":"2032","constituency":"mavoko","subcounty":"syokimau","division":"mlolongos","location":"syokima","sublocation":"mavokomo","ward":"mavokosikin","village":"ganya"},"level":"info"}
{"message":"3/1/2021, 12:18:40","level":"info"}
{"message":{"year":"2032","constituency":"mavoko","subcounty":"syokimau","division":"mlolongos","location":"syokima","sublocation":"mavokomo","ward":"mavokosikin","village":"ganya"},"level":"info"}
{"message":"3/1/2021, 12:20:39","level":"info"}
{"message":{},"level":"info"}
{"message":"3/1/2021, 12:21:29","level":"info"}
{"message":{"year":"2032","constituency":"mavoko","subcounty":"syokimau","division":"mlolongos","location":"syokima","sublocation":"mavokomo","ward":"mavokosikin","village":"ganya"},"level":"info"}
{"message":"3/1/2021, 12:23:46","level":"info"}
{"message":{"year":"2032","constituency":"mavoko","subcounty":"syokimau","division":"mlolongos","location":"syokima","sublocation":"mavokomo","ward":"mavokosikin","village":"ganya"},"level":"info"}
{"message":"3/1/2021, 12:23:50","level":"info"}
{"message":{"year":"2032","constituency":"mavoko","subcounty":"syokimau","division":"mlolongos","location":"syokima","sublocation":"mavokomo","ward":"mavokosikin","village":"ganya"},"level":"info"}
{"message":"3/1/2021, 12:24:35","level":"info"}
{"message":{"year":"2032","constituency":"mavoko","subcounty":"syokimau","division":"mlolongos","location":"syokima","sublocation":"mavokomo","ward":"mavokosikin","village":"ganya"},"level":"info"}
{"message":"3/1/2021, 12:27:46","level":"info"}
{"message":{},"level":"info"}
{"message":"3/1/2021, 13:25:31","level":"info"}
{"message":{"year":"2032","constituency":"mavoko","subcounty":"syokimau","division":"mlolongos","location":"syokima","sublocation":"mavokomo","ward":"mavokosikin","village":"ganya"},"level":"info"}
{"message":"3/1/2021, 13:28:20","level":"info"}
{"message":{"\n{\n\n        \"year\": \"2032\",\n        \"constituency\": \"mavoko\",\n        \"subcounty\": \"syokimau\",\n        \"division\": \"mlolongos\",\n        \"location\": \"syokima\",\n        \"sublocation\": \"mavokomo\",\n        \"ward\": \"mavokosikin\",\n        \"village\": \"ganya\"\n        \n}":""},"level":"info"}
{"message":"3/1/2021, 13:28:26","level":"info"}
{"message":{},"level":"info"}
{"message":"3/1/2021, 13:30:05","level":"info"}
{"message":{"year":"2032","constituency":"mavoko","subcounty":"syokimau","division":"mlolongos","location":"syokima","sublocation":"mavokomo","ward":"mavokosikin","village":"ganya"},"level":"info"}
{"message":"3/1/2021, 13:33:52","level":"info"}
{"message":[{"id_basicinfo":1,"year":"2019","constituency":"mavoko","subcounty":"syokimau","division":"mlolongo","location":"syokimau","sublocation":"mavoko","ward":"mavokos","village":"githu","createdat":"2021-02-22T08:42:14.000Z"},{"id_basicinfo":2,"year":"2032","constituency":"mavoko","subcounty":"syokimau","division":"mlolongos","location":"syokima","sublocation":"mavokomo","ward":"mavokosikin","village":"ganya","createdat":"2021-02-22T08:42:14.000Z"}],"level":"info"}
{"message":"3/1/2021, 13:37:20","level":"info"}
{"message":{},"level":"info"}
{"message":"3/1/2021, 13:39:24","level":"info"}
{"message":{"id_basicinfo":1,"year":"2019","constituency":"mavoko","subcounty":"syokimau","division":"mlolongo","location":"syokimau","sublocation":"mavoko","ward":"mavokos","village":"githu","createdat":"2021-02-22T08:42:14.000Z"},"level":"info"}
{"message":"3/1/2021, 13:41:26","level":"info"}
{"message":{"id_basicinfo":1,"year":"2019","constituency":"mavoko","subcounty":"syokimau","division":"mlolongo","location":"syokimau","sublocation":"mavoko","ward":"mavokos","village":"githu","createdat":"2021-02-22T08:42:14.000Z"},"level":"info"}
{"message":"3/1/2021, 13:41:51","level":"info"}
{"message":{"id_basicinfo":1,"year":"2019","constituency":"mavoko","subcounty":"syokimau","division":"mlolongo","location":"syokimau","sublocation":"mavoko","ward":"mavokos","village":"githu","createdat":"2021-02-22T08:42:14.000Z"},"level":"info"}
{"message":"3/1/2021, 13:42:14","level":"info"}
{"message":{"year":"2019","constituency":"mavoko","subcounty":"syokimau","division":"mlolongo","location":"syokimau","sublocation":"mavoko","ward":"mavokos","village":"githu","createdat":"2021-02-22T08:42:14.000Z"},"level":"info"}
{"message":"3/1/2021, 13:42:31","level":"info"}
{"message":{"year":"2019","constituency":"mavoko","subcounty":"syokimau","division":"mlolongo","location":"syokimau","sublocation":"mavoko","ward":"mavokos","village":"githu","createdat":"2021-02-22T08:42:14.000Z"},"level":"info"}
{"message":"3/1/2021, 13:43:08","level":"info"}
{"message":{"year":"2019","constituency":"mavoko","subcounty":"syokimau","division":"mlolongo","location":"syokimau","sublocation":"mavoko","ward":"mavokos","village":"githu","createdat":"2021-02-22T08:42:14.000Z"},"level":"info"}
{"message":"3/1/2021, 13:43:25","level":"info"}
{"message":{"year":"2019","constituency":"mavoko","subcounty":"syokimau","division":"mlolongo","location":"syokimau","sublocation":"mavoko","ward":"mavokos","village":"githu","createdat":"2021-02-22T08:42:14.000Z"},"level":"info"}
{"message":"3/1/2021, 13:43:33","level":"info"}
{"message":{},"level":"info"}
{"message":"3/1/2021, 13:45:39","level":"info"}
{"message":{"year":"2019","constituency":"mavoko","subcounty":"syokimau","division":"mlolongo","location":"syokimau","sublocation":"mavoko","ward":"mavokos","village":"githu"},"level":"info"}
{"message":"3/1/2021, 13:46:58","level":"info"}
{"message":{"year":"2032","constituency":"mavoko","subcounty":"syokimau","division":"mlolongos","location":"syokima","sublocation":"mavokomo","ward":"mavokosikin","village":"ganya"},"level":"info"}
